0 info it worked if it ends with ok
1 verbose cli [ '/usr/bin/nodejs',
1 verbose cli   '/usr/bin/npm',
1 verbose cli   'install',
1 verbose cli   'socketserver.js' ]
2 info using npm@1.3.10
3 info using node@v0.10.25
4 verbose cache add [ 'socketserver.js', null ]
5 verbose cache add name=undefined spec="socketserver.js" args=["socketserver.js",null]
6 verbose parsed url { protocol: null,
6 verbose parsed url   slashes: null,
6 verbose parsed url   auth: null,
6 verbose parsed url   host: null,
6 verbose parsed url   port: null,
6 verbose parsed url   hostname: null,
6 verbose parsed url   hash: null,
6 verbose parsed url   search: null,
6 verbose parsed url   query: null,
6 verbose parsed url   pathname: 'socketserver.js',
6 verbose parsed url   path: 'socketserver.js',
6 verbose parsed url   href: 'socketserver.js' }
7 silly lockFile 5be93b30-socketserver-js socketserver.js
8 verbose lock socketserver.js /root/.npm/5be93b30-socketserver-js.lock
9 verbose chmod /root/tmp/npm-12995-tt_uCvuy/1457231938648-0.4436039109714329/tmp.tgz 644
10 verbose tar unpack /root/tmp/npm-12995-tt_uCvuy/1457231938648-0.4436039109714329/tmp.tgz
11 silly lockFile 28aef73f-38648-0-4436039109714329-package tar:///root/tmp/npm-12995-tt_uCvuy/1457231938648-0.4436039109714329/package
12 verbose lock tar:///root/tmp/npm-12995-tt_uCvuy/1457231938648-0.4436039109714329/package /root/.npm/28aef73f-38648-0-4436039109714329-package.lock
13 silly lockFile 1c83ef96-38648-0-4436039109714329-tmp-tgz tar:///root/tmp/npm-12995-tt_uCvuy/1457231938648-0.4436039109714329/tmp.tgz
14 verbose lock tar:///root/tmp/npm-12995-tt_uCvuy/1457231938648-0.4436039109714329/tmp.tgz /root/.npm/1c83ef96-38648-0-4436039109714329-tmp-tgz.lock
15 silly gunzTarPerm modes [ '755', '644' ]
16 error not a package /root/tmp/npm-12995-tt_uCvuy/1457231938648-0.4436039109714329/tmp.tgz
17 silly lockFile 28aef73f-38648-0-4436039109714329-package tar:///root/tmp/npm-12995-tt_uCvuy/1457231938648-0.4436039109714329/package
18 silly lockFile 28aef73f-38648-0-4436039109714329-package tar:///root/tmp/npm-12995-tt_uCvuy/1457231938648-0.4436039109714329/package
19 silly lockFile 1c83ef96-38648-0-4436039109714329-tmp-tgz tar:///root/tmp/npm-12995-tt_uCvuy/1457231938648-0.4436039109714329/tmp.tgz
20 silly lockFile 1c83ef96-38648-0-4436039109714329-tmp-tgz tar:///root/tmp/npm-12995-tt_uCvuy/1457231938648-0.4436039109714329/tmp.tgz
21 silly lockFile 5be93b30-socketserver-js socketserver.js
22 silly lockFile 5be93b30-socketserver-js socketserver.js
23 verbose addNamed [ 'socketserver.js', '' ]
24 verbose addNamed [ null, '*' ]
25 silly lockFile 7f0bca3c-socketserver-js socketserver.js@
26 verbose lock socketserver.js@ /root/.npm/7f0bca3c-socketserver-js.lock
27 silly addNameRange { name: 'socketserver.js', range: '*', hasData: false }
28 verbose url raw socketserver.js
29 verbose url resolving [ 'https://registry.npmjs.org/', './socketserver.js' ]
30 verbose url resolved https://registry.npmjs.org/socketserver.js
31 info trying registry request attempt 1 at 21:38:58
32 http GET https://registry.npmjs.org/socketserver.js
33 http 404 https://registry.npmjs.org/socketserver.js
34 silly registry.get cb [ 404,
34 silly registry.get   { 'content-type': 'application/json',
34 silly registry.get     'cache-control': 'max-age=0',
34 silly registry.get     'content-length': '2',
34 silly registry.get     'accept-ranges': 'bytes',
34 silly registry.get     date: 'Sun, 06 Mar 2016 02:38:59 GMT',
34 silly registry.get     via: '1.1 varnish',
34 silly registry.get     age: '0',
34 silly registry.get     connection: 'keep-alive',
34 silly registry.get     'x-served-by': 'cache-iad2136-IAD',
34 silly registry.get     'x-cache': 'MISS',
34 silly registry.get     'x-cache-hits': '0',
34 silly registry.get     'x-timer': 'S1457231938.752213,VS0,VE406' } ]
35 silly addNameRange number 2 { name: 'socketserver.js', range: '*', hasData: true }
36 silly addNameRange versions [ undefined, [] ]
37 error TypeError: Cannot read property 'latest' of undefined
37 error     at next (/usr/share/npm/lib/cache.js:687:35)
37 error     at /usr/share/npm/lib/cache.js:675:5
37 error     at saved (/usr/share/npm/node_modules/npm-registry-client/lib/get.js:142:7)
37 error     at /usr/lib/nodejs/graceful-fs/polyfills.js:133:7
37 error     at Object.oncomplete (fs.js:107:15)
38 error If you need help, you may report this log at:
38 error     <http://github.com/isaacs/npm/issues>
38 error or email it to:
38 error     <npm-@googlegroups.com>
39 error System Linux 3.13.0-71-generic
40 error command "/usr/bin/nodejs" "/usr/bin/npm" "install" "socketserver.js"
41 error cwd /root/livewebmid1
42 error node -v v0.10.25
43 error npm -v 1.3.10
44 error type non_object_property_load
45 verbose exit [ 1, true ]
